2026-03-27 12:06:42.126 | INFO     | __main__:run_ingestion:145 - Iniciando extração TOTAL de chamados usando paginação inteligente...
2026-03-27 12:06:42.126 | INFO     | __main__:get_all_items:46 - Buscando página 1...
2026-03-27 12:06:43.029 | INFO     | __main__:get_all_items:62 - Processados 100 de 736 itens (página 1)
2026-03-27 12:06:43.029 | INFO     | __main__:get_all_items:71 - Buscando página 2 (offset 100)...
2026-03-27 12:06:43.643 | INFO     | __main__:get_all_items:88 - Processados 200 de 736 itens (página 2)
2026-03-27 12:06:43.643 | INFO     | __main__:get_all_items:71 - Buscando página 3 (offset 200)...
2026-03-27 12:06:44.456 | INFO     | __main__:get_all_items:88 - Processados 300 de 736 itens (página 3)
2026-03-27 12:06:44.456 | INFO     | __main__:get_all_items:71 - Buscando página 4 (offset 300)...
2026-03-27 12:06:45.141 | INFO     | __main__:get_all_items:88 - Processados 400 de 736 itens (página 4)
2026-03-27 12:06:45.141 | INFO     | __main__:get_all_items:71 - Buscando página 5 (offset 400)...
2026-03-27 12:06:45.873 | INFO     | __main__:get_all_items:88 - Processados 500 de 736 itens (página 5)
2026-03-27 12:06:45.873 | INFO     | __main__:get_all_items:71 - Buscando página 6 (offset 500)...
2026-03-27 12:06:46.604 | INFO     | __main__:get_all_items:88 - Processados 600 de 736 itens (página 6)
2026-03-27 12:06:46.605 | INFO     | __main__:get_all_items:71 - Buscando página 7 (offset 600)...
2026-03-27 12:06:47.139 | INFO     | __main__:get_all_items:88 - Processados 700 de 736 itens (página 7)
2026-03-27 12:06:47.140 | INFO     | __main__:get_all_items:71 - Buscando página 8 (offset 700)...
2026-03-27 12:06:47.597 | INFO     | __main__:get_all_items:88 - Processados 736 de 736 itens (página 8)
2026-03-27 12:06:47.597 | INFO     | __main__:get_all_items:91 - Todos os itens foram processados com sucesso.
2026-03-27 12:06:47.597 | INFO     | __main__:run_ingestion:156 - Iniciando validação de dados (Pydantic Inspector)...
2026-03-27 12:06:47.602 | ERROR    | __main__:run_ingestion:164 - Falha de schema no ticket ID '2504280247': 1 validation error for TicketSchema
5
  Input should be a valid string [type=string_type, input_value=['16', '17'], input_type=list]
    For further information visit https://errors.pydantic.dev/2.12/v/string_type
2026-03-27 12:06:47.602 | ERROR    | __main__:run_ingestion:164 - Falha de schema no ticket ID '2504280244': 1 validation error for TicketSchema
5
  Input should be a valid string [type=string_type, input_value=['16', '17'], input_type=list]
    For further information visit https://errors.pydantic.dev/2.12/v/string_type
2026-03-27 12:06:47.602 | ERROR    | __main__:run_ingestion:164 - Falha de schema no ticket ID '2504280242': 1 validation error for TicketSchema
5
  Input should be a valid string [type=string_type, input_value=['146', '147'], input_type=list]
    For further information visit https://errors.pydantic.dev/2.12/v/string_type
2026-03-27 12:06:47.603 | ERROR    | __main__:run_ingestion:164 - Falha de schema no ticket ID '158': 1 validation error for TicketSchema
5
  Input should be a valid string [type=string_type, input_value=['8', '17'], input_type=list]
    For further information visit https://errors.pydantic.dev/2.12/v/string_type
2026-03-27 12:06:47.603 | ERROR    | __main__:run_ingestion:164 - Falha de schema no ticket ID '2504280323': 1 validation error for TicketSchema
5
  Input should be a valid string [type=string_type, input_value=['146', '170'], input_type=list]
    For further information visit https://errors.pydantic.dev/2.12/v/string_type
2026-03-27 12:06:47.603 | ERROR    | __main__:run_ingestion:164 - Falha de schema no ticket ID '122': 1 validation error for TicketSchema
5
  Input should be a valid string [type=string_type, input_value=['8', '17'], input_type=list]
    For further information visit https://errors.pydantic.dev/2.12/v/string_type
2026-03-27 12:06:47.604 | ERROR    | __main__:run_ingestion:164 - Falha de schema no ticket ID '2504280019': 1 validation error for TicketSchema
5
  Input should be a valid string [type=string_type, input_value=['8', '17'], input_type=list]
    For further information visit https://errors.pydantic.dev/2.12/v/string_type
2026-03-27 12:06:47.604 | ERROR    | __main__:run_ingestion:164 - Falha de schema no ticket ID '2504280020': 1 validation error for TicketSchema
5
  Input should be a valid string [type=string_type, input_value=['8', '17'], input_type=list]
    For further information visit https://errors.pydantic.dev/2.12/v/string_type
2026-03-27 12:06:47.604 | ERROR    | __main__:run_ingestion:164 - Falha de schema no ticket ID '2504280021': 1 validation error for TicketSchema
5
  Input should be a valid string [type=string_type, input_value=['8', '17'], input_type=list]
    For further information visit https://errors.pydantic.dev/2.12/v/string_type
2026-03-27 12:06:47.604 | ERROR    | __main__:run_ingestion:164 - Falha de schema no ticket ID '2504280081': 1 validation error for TicketSchema
5
  Input should be a valid string [type=string_type, input_value=['8', '17'], input_type=list]
    For further information visit https://errors.pydantic.dev/2.12/v/string_type
2026-03-27 12:06:47.604 | ERROR    | __main__:run_ingestion:164 - Falha de schema no ticket ID '2504280131': 1 validation error for TicketSchema
5
  Input should be a valid string [type=string_type, input_value=['8', '17'], input_type=list]
    For further information visit https://errors.pydantic.dev/2.12/v/string_type
2026-03-27 12:06:47.605 | ERROR    | __main__:run_ingestion:164 - Falha de schema no ticket ID '2504280132': 1 validation error for TicketSchema
5
  Input should be a valid string [type=string_type, input_value=['8', '14'], input_type=list]
    For further information visit https://errors.pydantic.dev/2.12/v/string_type
2026-03-27 12:06:47.605 | ERROR    | __main__:run_ingestion:164 - Falha de schema no ticket ID '2504280213': 1 validation error for TicketSchema
5
  Input should be a valid string [type=string_type, input_value=['16', '17'], input_type=list]
    For further information visit https://errors.pydantic.dev/2.12/v/string_type
2026-03-27 12:06:47.605 | ERROR    | __main__:run_ingestion:164 - Falha de schema no ticket ID '2504280223': 1 validation error for TicketSchema
5
  Input should be a valid string [type=string_type, input_value=['16', '17'], input_type=list]
    For further information visit https://errors.pydantic.dev/2.12/v/string_type
2026-03-27 12:06:47.605 | ERROR    | __main__:run_ingestion:164 - Falha de schema no ticket ID '2504280224': 1 validation error for TicketSchema
5
  Input should be a valid string [type=string_type, input_value=['8', '16'], input_type=list]
    For further information visit https://errors.pydantic.dev/2.12/v/string_type
2026-03-27 12:06:47.605 | ERROR    | __main__:run_ingestion:164 - Falha de schema no ticket ID '2504280228': 1 validation error for TicketSchema
5
  Input should be a valid string [type=string_type, input_value=['8', '16', '17'], input_type=list]
    For further information visit https://errors.pydantic.dev/2.12/v/string_type
2026-03-27 12:06:47.606 | ERROR    | __main__:run_ingestion:164 - Falha de schema no ticket ID '2504280229': 1 validation error for TicketSchema
5
  Input should be a valid string [type=string_type, input_value=['16', '17'], input_type=list]
    For further information visit https://errors.pydantic.dev/2.12/v/string_type
2026-03-27 12:06:47.606 | ERROR    | __main__:run_ingestion:164 - Falha de schema no ticket ID '2504280230': 1 validation error for TicketSchema
5
  Input should be a valid string [type=string_type, input_value=['16', '17'], input_type=list]
    For further information visit https://errors.pydantic.dev/2.12/v/string_type
2026-03-27 12:06:47.606 | ERROR    | __main__:run_ingestion:164 - Falha de schema no ticket ID '2504280255': 1 validation error for TicketSchema
5
  Input should be a valid string [type=string_type, input_value=['16', '170'], input_type=list]
    For further information visit https://errors.pydantic.dev/2.12/v/string_type
2026-03-27 12:06:47.606 | ERROR    | __main__:run_ingestion:164 - Falha de schema no ticket ID '2504280293': 1 validation error for TicketSchema
5
  Input should be a valid string [type=string_type, input_value=['16', '170'], input_type=list]
    For further information visit https://errors.pydantic.dev/2.12/v/string_type
2026-03-27 12:06:47.606 | ERROR    | __main__:run_ingestion:164 - Falha de schema no ticket ID '2504280393': 1 validation error for TicketSchema
5
  Input should be a valid string [type=string_type, input_value=['8', '170'], input_type=list]
    For further information visit https://errors.pydantic.dev/2.12/v/string_type
2026-03-27 12:06:47.606 | ERROR    | __main__:run_ingestion:164 - Falha de schema no ticket ID '2504280476': 1 validation error for TicketSchema
5
  Input should be a valid string [type=string_type, input_value=['8', '170'], input_type=list]
    For further information visit https://errors.pydantic.dev/2.12/v/string_type
2026-03-27 12:06:47.607 | ERROR    | __main__:run_ingestion:164 - Falha de schema no ticket ID '119': 1 validation error for TicketSchema
5
  Input should be a valid string [type=string_type, input_value=['8', '17'], input_type=list]
    For further information visit https://errors.pydantic.dev/2.12/v/string_type
2026-03-27 12:06:47.607 | ERROR    | __main__:run_ingestion:164 - Falha de schema no ticket ID '2504280263': 1 validation error for TicketSchema
5
  Input should be a valid string [type=string_type, input_value=['16', '146', '149'], input_type=list]
    For further information visit https://errors.pydantic.dev/2.12/v/string_type
2026-03-27 12:06:47.608 | ERROR    | __main__:run_ingestion:164 - Falha de schema no ticket ID '2504280078': 1 validation error for TicketSchema
5
  Input should be a valid string [type=string_type, input_value=['8', '17'], input_type=list]
    For further information visit https://errors.pydantic.dev/2.12/v/string_type
2026-03-27 12:06:47.608 | ERROR    | __main__:run_ingestion:164 - Falha de schema no ticket ID '2504280317': 1 validation error for TicketSchema
5
  Input should be a valid string [type=string_type, input_value=['146', '147'], input_type=list]
    For further information visit https://errors.pydantic.dev/2.12/v/string_type
2026-03-27 12:06:47.609 | ERROR    | __main__:run_ingestion:164 - Falha de schema no ticket ID '2504280418': 1 validation error for TicketSchema
5
  Input should be a valid string [type=string_type, input_value=['8', '17'], input_type=list]
    For further information visit https://errors.pydantic.dev/2.12/v/string_type
2026-03-27 12:06:47.609 | ERROR    | __main__:run_ingestion:164 - Falha de schema no ticket ID '2504280419': 1 validation error for TicketSchema
5
  Input should be a valid string [type=string_type, input_value=['8', '170'], input_type=list]
    For further information visit https://errors.pydantic.dev/2.12/v/string_type
2026-03-27 12:06:47.609 | ERROR    | __main__:run_ingestion:164 - Falha de schema no ticket ID '2504280035': 1 validation error for TicketSchema
5
  Input should be a valid string [type=string_type, input_value=['8', '17'], input_type=list]
    For further information visit https://errors.pydantic.dev/2.12/v/string_type
2026-03-27 12:06:47.610 | ERROR    | __main__:run_ingestion:164 - Falha de schema no ticket ID '172': 1 validation error for TicketSchema
5
  Input should be a valid string [type=string_type, input_value=['16', '17'], input_type=list]
    For further information visit https://errors.pydantic.dev/2.12/v/string_type
2026-03-27 12:06:47.610 | ERROR    | __main__:run_ingestion:164 - Falha de schema no ticket ID '2504280294': 1 validation error for TicketSchema
5
  Input should be a valid string [type=string_type, input_value=['16', '17'], input_type=list]
    For further information visit https://errors.pydantic.dev/2.12/v/string_type
2026-03-27 12:06:47.610 | ERROR    | __main__:run_ingestion:164 - Falha de schema no ticket ID '132': 1 validation error for TicketSchema
5
  Input should be a valid string [type=string_type, input_value=['16', '17'], input_type=list]
    For further information visit https://errors.pydantic.dev/2.12/v/string_type
2026-03-27 12:06:47.611 | ERROR    | __main__:run_ingestion:164 - Falha de schema no ticket ID '2504280276': 1 validation error for TicketSchema
4
  Input should be a valid string [type=string_type, input_value=['8', '165'], input_type=list]
    For further information visit https://errors.pydantic.dev/2.12/v/string_type
2026-03-27 12:06:47.611 | ERROR    | __main__:run_ingestion:164 - Falha de schema no ticket ID '2504280510': 1 validation error for TicketSchema
4
  Input should be a valid string [type=string_type, input_value=['8', '25'], input_type=list]
    For further information visit https://errors.pydantic.dev/2.12/v/string_type
2026-03-27 12:06:47.612 | ERROR    | __main__:run_ingestion:164 - Falha de schema no ticket ID '2504280162': 1 validation error for TicketSchema
5
  Input should be a valid string [type=string_type, input_value=['8', '27'], input_type=list]
    For further information visit https://errors.pydantic.dev/2.12/v/string_type
2026-03-27 12:06:47.614 | ERROR    | __main__:run_ingestion:164 - Falha de schema no ticket ID '2504280509': 1 validation error for TicketSchema
5
  Input should be a valid string [type=string_type, input_value=['8', '170'], input_type=list]
    For further information visit https://errors.pydantic.dev/2.12/v/string_type
2026-03-27 12:06:47.614 | ERROR    | __main__:run_ingestion:164 - Falha de schema no ticket ID '174': 1 validation error for TicketSchema
5
  Input should be a valid string [type=string_type, input_value=['8', '17'], input_type=list]
    For further information visit https://errors.pydantic.dev/2.12/v/string_type
2026-03-27 12:06:47.615 | ERROR    | __main__:run_ingestion:164 - Falha de schema no ticket ID '2504280346': 1 validation error for TicketSchema
5
  Input should be a valid string [type=string_type, input_value=['8', '27'], input_type=list]
    For further information visit https://errors.pydantic.dev/2.12/v/string_type
2026-03-27 12:06:47.618 | ERROR    | __main__:run_ingestion:164 - Falha de schema no ticket ID '2504280272': 1 validation error for TicketSchema
5
  Input should be a valid string [type=string_type, input_value=['146', '147', '149'], input_type=list]
    For further information visit https://errors.pydantic.dev/2.12/v/string_type
2026-03-27 12:06:47.620 | ERROR    | __main__:run_ingestion:164 - Falha de schema no ticket ID '175': 1 validation error for TicketSchema
5
  Input should be a valid string [type=string_type, input_value=['8', '17'], input_type=list]
    For further information visit https://errors.pydantic.dev/2.12/v/string_type
2026-03-27 12:06:47.622 | ERROR    | __main__:run_ingestion:164 - Falha de schema no ticket ID '2504280261': 1 validation error for TicketSchema
5
  Input should be a valid string [type=string_type, input_value=['8', '17', '146', '147', '148', '149'], input_type=list]
    For further information visit https://errors.pydantic.dev/2.12/v/string_type
2026-03-27 12:06:47.623 | INFO     | __main__:run_ingestion:168 - Preparando dataframe para carga no Data Warehouse...
2026-03-27 12:06:47.791 | SUCCESS  | __main__:run_ingestion:174 - Carga finalizada! 695 tickets salvos na tabela 'staging_tickets'.
2026-03-27 12:08:45.321 | INFO     | __main__:run_ingestion:145 - Iniciando extração TOTAL de chamados usando paginação inteligente...
2026-03-27 12:08:45.321 | INFO     | __main__:get_all_items:46 - Buscando página 1...
2026-03-27 12:08:46.096 | INFO     | __main__:get_all_items:62 - Processados 100 de 736 itens (página 1)
2026-03-27 12:08:46.096 | INFO     | __main__:get_all_items:71 - Buscando página 2 (offset 100)...
2026-03-27 12:08:46.723 | INFO     | __main__:get_all_items:88 - Processados 200 de 736 itens (página 2)
2026-03-27 12:08:46.724 | INFO     | __main__:get_all_items:71 - Buscando página 3 (offset 200)...
2026-03-27 12:08:47.335 | INFO     | __main__:get_all_items:88 - Processados 300 de 736 itens (página 3)
2026-03-27 12:08:47.335 | INFO     | __main__:get_all_items:71 - Buscando página 4 (offset 300)...
2026-03-27 12:08:47.928 | INFO     | __main__:get_all_items:88 - Processados 400 de 736 itens (página 4)
2026-03-27 12:08:47.929 | INFO     | __main__:get_all_items:71 - Buscando página 5 (offset 400)...
2026-03-27 12:08:49.745 | INFO     | __main__:get_all_items:88 - Processados 500 de 736 itens (página 5)
2026-03-27 12:08:49.745 | INFO     | __main__:get_all_items:71 - Buscando página 6 (offset 500)...
2026-03-27 12:08:50.428 | INFO     | __main__:get_all_items:88 - Processados 600 de 736 itens (página 6)
2026-03-27 12:08:50.429 | INFO     | __main__:get_all_items:71 - Buscando página 7 (offset 600)...
2026-03-27 12:08:51.044 | INFO     | __main__:get_all_items:88 - Processados 700 de 736 itens (página 7)
2026-03-27 12:08:51.044 | INFO     | __main__:get_all_items:71 - Buscando página 8 (offset 700)...
2026-03-27 12:08:51.488 | INFO     | __main__:get_all_items:88 - Processados 736 de 736 itens (página 8)
2026-03-27 12:08:51.488 | INFO     | __main__:get_all_items:91 - Todos os itens foram processados com sucesso.
2026-03-27 12:08:51.488 | INFO     | __main__:run_ingestion:156 - Iniciando validação de dados (Pydantic Inspector)...
2026-03-27 12:08:51.499 | INFO     | __main__:run_ingestion:168 - Preparando dataframe para carga no Data Warehouse...
2026-03-27 12:08:51.678 | SUCCESS  | __main__:run_ingestion:174 - Carga finalizada! 736 tickets salvos na tabela 'staging_tickets'.
2026-04-10 15:53:47 | INFO | __main__:<module>:99 - --- INICIANDO PIPELINE DE INGESTÃO DE LOCALIZAÇÕES ---
2026-04-10 15:53:47 | ERROR | __main__:fetch_locations:34 - Credenciais do GLPI não encontradas nas variáveis de ambiente.
2026-04-10 15:55:36 | INFO | __main__:<module>:99 - --- INICIANDO PIPELINE DE INGESTÃO DE LOCALIZAÇÕES ---
2026-04-10 15:55:36 | ERROR | __main__:fetch_locations:34 - Credenciais do GLPI não encontradas nas variáveis de ambiente.
2026-04-10 15:57:40 | INFO | __main__:<module>:99 - --- INICIANDO PIPELINE DE INGESTÃO DE LOCALIZAÇÕES ---
2026-04-10 15:57:40 | INFO | __main__:fetch_locations:51 - Fazendo requisição para extrair Localizações de: https://suporte.secties.pb.gov.br/apirest.php/Location/
2026-04-10 15:57:40 | INFO | __main__:fetch_locations:58 - Extração concluída: 44 localizações encontradas.
2026-04-10 15:57:40 | INFO | __main__:load_to_database:78 - Convertendo dados para DataFrame Pandas...
2026-04-10 15:57:40 | INFO | __main__:load_to_database:84 - Conectando ao banco de dados PostgreSQL...
2026-04-10 15:57:40 | ERROR | __main__:load_to_database:92 - Erro ao gravar dados no PostgreSQL: (psycopg2.ProgrammingError) can't adapt type 'dict'
[SQL: INSERT INTO staging_locations (id, entities_id, is_recursive, name, locations_id, completename, comment, level, ancestors_cache, sons_cache, address, postcode, town, state, country, building, room, latitude, longitude, altitude, date_mod, date_creati ... 17990 characters truncated ... __43)s, %(longitude__43)s, %(altitude__43)s, %(date_mod__43)s, %(date_creation__43)s, %(links__43)s)]
[parameters: {'state__0': '', 'entities_id__0': 'SECTIES', 'date_creation__0': '2023-07-05 14:36:27', 'longitude__0': '', 'country__0': '', 'links__0': [{'rel': 'Entity', 'href': 'https://suporte.secties.pb.gov.br/apirest.php/Entity/0'}], 'locations_id__0': 0, 'building__0': '', 'room__0': '', 'date_mod__0': '2023-07-05 14:36:27', 'level__0': 1, 'is_recursive__0': 0, 'address__0': '', 'completename__0': 'SECTIES', 'ancestors_cache__0': '[]', 'town__0': 'joao pessoa', 'name__0': 'SECTIES', 'postcode__0': '', 'sons_cache__0': None, 'latitude__0': '', 'comment__0': 'secretaria de ciência tecnologia inovação e ensino superior', 'altitude__0': '', 'id__0': 1, 'state__1': '', 'entities_id__1': 'SECTIES', 'date_creation__1': '2023-07-05 14:37:44', 'longitude__1': '', 'country__1': '', 'links__1': [{'rel': 'Entity', 'href': 'https://suporte.secties.pb.gov.br/apirest.php/Entity/0'}], 'locations_id__1': 0, 'building__1': '', 'room__1': '1', 'date_mod__1': '2025-02-05 14:41:58', 'level__1': 1, 'is_recursive__1': 0, 'address__1': '', 'completename__1': 'Recepção', 'ancestors_cache__1': '[]', 'town__1': '', 'name__1': 'Recepção', 'postcode__1': '', 'sons_cache__1': '{"2":2}', 'latitude__1': '', 'comment__1': 'Recepção da SECTIES', 'altitude__1': '', 'id__1': 2, 'state__2': '', 'entities_id__2': 'SECTIES', 'date_creation__2': '2023-07-05 14:41:17', 'longitude__2': '' ... 912 parameters truncated ... 'latitude__41': '', 'comment__41': '', 'altitude__41': '', 'id__41': 48, 'state__42': None, 'entities_id__42': 'SECTIES', 'date_creation__42': '2025-10-07 21:00:10', 'longitude__42': '', 'country__42': None, 'links__42': [{'rel': 'Entity', 'href': 'https://suporte.secties.pb.gov.br/apirest.php/Entity/0'}], 'locations_id__42': 0, 'building__42': None, 'room__42': None, 'date_mod__42': '2026-02-11 15:44:33', 'level__42': 1, 'is_recursive__42': 1, 'address__42': None, 'completename__42': 'Centro Administrativo', 'ancestors_cache__42': '[]', 'town__42': None, 'name__42': 'Centro Administrativo', 'postcode__42': None, 'sons_cache__42': None, 'latitude__42': '', 'comment__42': None, 'altitude__42': '', 'id__42': 49, 'state__43': None, 'entities_id__43': 'SECTIES', 'date_creation__43': '2026-02-19 09:39:47', 'longitude__43': '', 'country__43': None, 'links__43': [{'rel': 'Entity', 'href': 'https://suporte.secties.pb.gov.br/apirest.php/Entity/0'}, {'rel': 'Location', 'href': 'https://suporte.secties.pb.gov.br/apirest.php/Location/49'}], 'locations_id__43': 'Centro Administrativo', 'building__43': None, 'room__43': None, 'date_mod__43': '2026-02-19 09:39:47', 'level__43': 2, 'is_recursive__43': 1, 'address__43': None, 'completename__43': 'Centro Administrativo > ', 'ancestors_cache__43': '{"49":49}', 'town__43': None, 'name__43': '', 'postcode__43': None, 'sons_cache__43': None, 'latitude__43': '', 'comment__43': None, 'altitude__43': '', 'id__43': 63}]
(Background on this error at: https://sqlalche.me/e/20/f405)
